# JRE version: OpenJDK Runtime Environment Corretto-17.0.13.11.1 (17.0.13+11) (build 17.0.13+11-LTS)
# Java VM: OpenJDK 64-Bit Server VM Corretto-17.0.13.11.1 (17.0.13+11-LTS, mixed mode, sharing, tiered, compressed oops, compressed class ptrs, g1 gc, bsd-amd64)
Heap:
 garbage-first heap   total 262144K, used 172872K [0x00000007e0000000, 0x0000000800000000)
  region size 1024K, 83 young (84992K), 3 survivors (3072K)
 Metaspace       used 63724K, committed 64512K, reserved 393216K
  class space    used 9341K, committed 9728K, reserved 327680K
GC Heap History (14 events):
Event: 0.528 GC heap before
{Heap before GC invocations=0 (full 0):
 garbage-first heap   total 264192K, used 27552K [0x00000007e0000000, 0x0000000800000000)
  region size 1024K, 23 young (23552K), 0 survivors (0K)
 Metaspace       used 2461K, committed 2624K, reserved 393216K
  class space    used 296K, committed 384K, reserved 327680K
}
Event: 0.533 GC heap after
{Heap after GC invocations=1 (full 0):
 garbage-first heap   total 264192K, used 11582K [0x00000007e0000000, 0x0000000800000000)
  region size 1024K, 3 young (3072K), 3 survivors (3072K)
 Metaspace       used 2461K, committed 2624K, reserved 393216K
  class space    used 296K, committed 384K, reserved 327680K
}
Event: 0.843 GC heap before
{Heap before GC invocations=1 (full 0):
 garbage-first heap   total 264192K, used 47422K [0x00000007e0000000, 0x0000000800000000)
  region size 1024K, 36 young (36864K), 3 survivors (3072K)
 Metaspace       used 4074K, committed 4288K, reserved 393216K
  class space    used 512K, committed 640K, reserved 327680K
}
Event: 0.851 GC heap after
{Heap after GC invocations=2 (full 0):
 garbage-first heap   total 264192K, used 17084K [0x00000007e0000000, 0x0000000800000000)
  region size 1024K, 5 young (5120K), 5 survivors (5120K)
 Metaspace       used 4074K, committed 4288K, reserved 393216K
  class space    used 512K, committed 640K, reserved 327680K
}
Event: 2.949 GC heap before
{Heap before GC invocations=2 (full 0):
 garbage-first heap   total 264192K, used 125628K [0x00000007e0000000, 0x0000000800000000)
  region size 1024K, 112 young (114688K), 5 survivors (5120K)
 Metaspace       used 21198K, committed 21504K, reserved 393216K
  class space    used 3189K, committed 3392K, reserved 327680K
}
Event: 2.960 GC heap after
{Heap after GC invocations=3 (full 0):
 garbage-first heap   total 264192K, used 24013K [0x00000007e0000000, 0x0000000800000000)
  region size 1024K, 12 young (12288K), 12 survivors (12288K)
 Metaspace       used 21198K, committed 21504K, reserved 393216K
  class space    used 3189K, committed 3392K, reserved 327680K
}
Event: 4.472 GC heap before
{Heap before GC invocations=4 (full 0):
 garbage-first heap   total 262144K, used 162253K [0x00000007e0000000, 0x0000000800000000)
  region size 1024K, 134 young (137216K), 12 survivors (12288K)
 Metaspace       used 35673K, committed 36096K, reserved 393216K
  class space    used 5066K, committed 5248K, reserved 327680K
}
Event: 4.492 GC heap after
{Heap after GC invocations=5 (full 0):
 garbage-first heap   total 262144K, used 44209K [0x00000007e0000000, 0x0000000800000000)
  region size 1024K, 17 young (17408K), 17 survivors (17408K)
 Metaspace       used 35673K, committed 36096K, reserved 393216K
  class space    used 5066K, committed 5248K, reserved 327680K
}
Event: 6.136 GC heap before
{Heap before GC invocations=6 (full 0):
 garbage-first heap   total 262144K, used 196785K [0x00000007e0000000, 0x0000000800000000)
  region size 1024K, 153 young (156672K), 17 survivors (17408K)
 Metaspace       used 48468K, committed 49088K, reserved 393216K
  class space    used 7022K, committed 7296K, reserved 327680K
}
Event: 6.150 GC heap after
{Heap after GC invocations=7 (full 0):
 garbage-first heap   total 262144K, used 66076K [0x00000007e0000000, 0x0000000800000000)
  region size 1024K, 20 young (20480K), 20 survivors (20480K)
 Metaspace       used 48468K, committed 49088K, reserved 393216K
  class space    used 7022K, committed 7296K, reserved 327680K
}
Event: 7.628 GC heap before
{Heap before GC invocations=7 (full 0):
 garbage-first heap   total 262144K, used 209436K [0x00000007e0000000, 0x0000000800000000)
  region size 1024K, 147 young (150528K), 20 survivors (20480K)
 Metaspace       used 58597K, committed 59264K, reserved 393216K
  class space    used 8589K, committed 8896K, reserved 327680K
}
Event: 7.643 GC heap after
{Heap after GC invocations=8 (full 0):
 garbage-first heap   total 262144K, used 89311K [0x00000007e0000000, 0x0000000800000000)
  region size 1024K, 19 young (19456K), 19 survivors (19456K)
 Metaspace       used 58597K, committed 59264K, reserved 393216K
  class space    used 8589K, committed 8896K, reserved 327680K
}
Event: 7.808 GC heap before
{Heap before GC invocations=8 (full 0):
 garbage-first heap   total 262144K, used 101599K [0x00000007e0000000, 0x0000000800000000)
  region size 1024K, 32 young (32768K), 19 survivors (19456K)
 Metaspace       used 59643K, committed 60288K, reserved 393216K
  class space    used 8733K, committed 9088K, reserved 327680K
}
Event: 7.818 GC heap after
{Heap after GC invocations=9 (full 0):
 garbage-first heap   total 262144K, used 91548K [0x00000007e0000000, 0x0000000800000000)
  region size 1024K, 3 young (3072K), 3 survivors (3072K)
 Metaspace       used 59643K, committed 60288K, reserved 393216K
  class space    used 8733K, committed 9088K, reserved 327680K
}

