# JRE version: OpenJDK Runtime Environment Corretto-17.0.13.11.1 (17.0.13+11) (build 17.0.13+11-LTS)
# Java VM: OpenJDK 64-Bit Server VM Corretto-17.0.13.11.1 (17.0.13+11-LTS, mixed mode, sharing, tiered, compressed oops, compressed class ptrs, g1 gc, bsd-amd64)
Heap:
 garbage-first heap   total 262144K, used 161206K [0x00000007e0000000, 0x0000000800000000)
  region size 1024K, 71 young (72704K), 3 survivors (3072K)
 Metaspace       used 63306K, committed 64128K, reserved 393216K
  class space    used 9286K, committed 9664K, reserved 327680K
GC Heap History (14 events):
Event: 0.480 GC heap before
{Heap before GC invocations=0 (full 0):
 garbage-first heap   total 264192K, used 27552K [0x00000007e0000000, 0x0000000800000000)
  region size 1024K, 23 young (23552K), 0 survivors (0K)
 Metaspace       used 2441K, committed 2624K, reserved 393216K
  class space    used 290K, committed 384K, reserved 327680K
}
Event: 0.484 GC heap after
{Heap after GC invocations=1 (full 0):
 garbage-first heap   total 264192K, used 11142K [0x00000007e0000000, 0x0000000800000000)
  region size 1024K, 3 young (3072K), 3 survivors (3072K)
 Metaspace       used 2441K, committed 2624K, reserved 393216K
  class space    used 290K, committed 384K, reserved 327680K
}
Event: 0.777 GC heap before
{Heap before GC invocations=1 (full 0):
 garbage-first heap   total 264192K, used 46982K [0x00000007e0000000, 0x0000000800000000)
  region size 1024K, 36 young (36864K), 3 survivors (3072K)
 Metaspace       used 4072K, committed 4288K, reserved 393216K
  class space    used 512K, committed 640K, reserved 327680K
}
Event: 0.782 GC heap after
{Heap after GC invocations=2 (full 0):
 garbage-first heap   total 264192K, used 17018K [0x00000007e0000000, 0x0000000800000000)
  region size 1024K, 5 young (5120K), 5 survivors (5120K)
 Metaspace       used 4072K, committed 4288K, reserved 393216K
  class space    used 512K, committed 640K, reserved 327680K
}
Event: 2.604 GC heap before
{Heap before GC invocations=2 (full 0):
 garbage-first heap   total 264192K, used 125562K [0x00000007e0000000, 0x0000000800000000)
  region size 1024K, 112 young (114688K), 5 survivors (5120K)
 Metaspace       used 21162K, committed 21504K, reserved 393216K
  class space    used 3187K, committed 3392K, reserved 327680K
}
Event: 2.614 GC heap after
{Heap after GC invocations=3 (full 0):
 garbage-first heap   total 264192K, used 23942K [0x00000007e0000000, 0x0000000800000000)
  region size 1024K, 12 young (12288K), 12 survivors (12288K)
 Metaspace       used 21162K, committed 21504K, reserved 393216K
  class space    used 3187K, committed 3392K, reserved 327680K
}
Event: 4.041 GC heap before
{Heap before GC invocations=4 (full 0):
 garbage-first heap   total 262144K, used 162182K [0x00000007e0000000, 0x0000000800000000)
  region size 1024K, 134 young (137216K), 12 survivors (12288K)
 Metaspace       used 35629K, committed 36096K, reserved 393216K
  class space    used 5050K, committed 5312K, reserved 327680K
}
Event: 4.056 GC heap after
{Heap after GC invocations=5 (full 0):
 garbage-first heap   total 262144K, used 44879K [0x00000007e0000000, 0x0000000800000000)
  region size 1024K, 18 young (18432K), 18 survivors (18432K)
 Metaspace       used 35629K, committed 36096K, reserved 393216K
  class space    used 5050K, committed 5312K, reserved 327680K
}
Event: 5.540 GC heap before
{Heap before GC invocations=6 (full 0):
 garbage-first heap   total 262144K, used 196431K [0x00000007e0000000, 0x0000000800000000)
  region size 1024K, 153 young (156672K), 18 survivors (18432K)
 Metaspace       used 48337K, committed 48896K, reserved 393216K
  class space    used 6990K, committed 7232K, reserved 327680K
}
Event: 5.558 GC heap after
{Heap after GC invocations=7 (full 0):
 garbage-first heap   total 262144K, used 65301K [0x00000007e0000000, 0x0000000800000000)
  region size 1024K, 19 young (19456K), 19 survivors (19456K)
 Metaspace       used 48337K, committed 48896K, reserved 393216K
  class space    used 6990K, committed 7232K, reserved 327680K
}
Event: 6.999 GC heap before
{Heap before GC invocations=7 (full 0):
 garbage-first heap   total 262144K, used 209685K [0x00000007e0000000, 0x0000000800000000)
  region size 1024K, 147 young (150528K), 19 survivors (19456K)
 Metaspace       used 58518K, committed 59200K, reserved 393216K
  class space    used 8562K, committed 8896K, reserved 327680K
}
Event: 7.015 GC heap after
{Heap after GC invocations=8 (full 0):
 garbage-first heap   total 262144K, used 89212K [0x00000007e0000000, 0x0000000800000000)
  region size 1024K, 19 young (19456K), 19 survivors (19456K)
 Metaspace       used 58518K, committed 59200K, reserved 393216K
  class space    used 8562K, committed 8896K, reserved 327680K
}
Event: 7.187 GC heap before
{Heap before GC invocations=8 (full 0):
 garbage-first heap   total 262144K, used 103548K [0x00000007e0000000, 0x0000000800000000)
  region size 1024K, 34 young (34816K), 19 survivors (19456K)
 Metaspace       used 59699K, committed 60416K, reserved 393216K
  class space    used 8729K, committed 9088K, reserved 327680K
}
Event: 7.199 GC heap after
{Heap after GC invocations=9 (full 0):
 garbage-first heap   total 262144K, used 92185K [0x00000007e0000000, 0x0000000800000000)
  region size 1024K, 3 young (3072K), 3 survivors (3072K)
 Metaspace       used 59699K, committed 60416K, reserved 393216K
  class space    used 8729K, committed 9088K, reserved 327680K
}

